<?xml version="1.0" encoding="utf-8"?><testsuites name="pytest tests"><testsuite name="pytest" errors="0" failures="0" skipped="0" tests="12" time="5.302" timestamp="2026-04-14T11:23:01.638937+00:00" hostname="agent-env-a3e83d76-321d-4178-b39e-6066b7f851c9"><testcase classname="backend.tests.test_fintres_api.TestAuth" name="test_login_success" time="0.456" /><testcase classname="backend.tests.test_fintres_api.TestAuth" name="test_login_invalid_credentials" time="0.371" /><testcase classname="backend.tests.test_fintres_api.TestAuth" name="test_auth_me_endpoint" time="0.474" /><testcase classname="backend.tests.test_fintres_api.TestSMTPSettings" name="test_get_smtp_settings" time="0.492" /><testcase classname="backend.tests.test_fintres_api.TestSMTPSettings" name="test_save_smtp_settings" time="0.477" /><testcase classname="backend.tests.test_fintres_api.TestSMTPSettings" name="test_smtp_test_endpoint" time="0.473" /><testcase classname="backend.tests.test_fintres_api.TestSMTPSettings" name="test_smtp_send_reminders_endpoint" time="0.436" /><testcase classname="backend.tests.test_fintres_api.TestSMTPSettings" name="test_smtp_requires_admin" time="0.133" /><testcase classname="backend.tests.test_fintres_api.TestDashboard" name="test_dashboard_stats" time="0.428" /><testcase classname="backend.tests.test_fintres_api.TestDashboard" name="test_dashboard_stats_with_company_filter" time="0.535" /><testcase classname="backend.tests.test_fintres_api.TestCompanies" name="test_get_companies" time="0.421" /><testcase classname="backend.tests.test_fintres_api.TestUsers" name="test_get_users" time="0.489" /></testsuite></testsuites>