<?xml version="1.0" encoding="utf-8"?><testsuites name="pytest tests"><testsuite name="pytest" errors="0" failures="0" skipped="0" tests="12" time="6.039" timestamp="2026-04-14T11:33:10.383617+00:00" hostname="agent-env-a3e83d76-321d-4178-b39e-6066b7f851c9"><testcase classname="backend.tests.test_reminder_settings.TestReminderSettings" name="test_get_reminder_settings_default" time="0.562" /><testcase classname="backend.tests.test_reminder_settings.TestReminderSettings" name="test_save_reminder_settings" time="0.477" /><testcase classname="backend.tests.test_reminder_settings.TestReminderSettings" name="test_save_and_verify_persistence" time="0.648" /><testcase classname="backend.tests.test_reminder_settings.TestReminderSettings" name="test_scheduler_deactivation" time="0.570" /><testcase classname="backend.tests.test_reminder_settings.TestReminderSettings" name="test_scheduler_reactivation" time="0.579" /><testcase classname="backend.tests.test_reminder_settings.TestReminderSettings" name="test_reminder_settings_requires_admin" time="0.210" /><testcase classname="backend.tests.test_reminder_settings.TestSchedulerStatus" name="test_get_scheduler_status" time="0.472" /><testcase classname="backend.tests.test_reminder_settings.TestSchedulerStatus" name="test_scheduler_status_requires_admin" time="0.113" /><testcase classname="backend.tests.test_reminder_settings.TestManualReminderSend" name="test_manual_send_reminders" time="0.435" /><testcase classname="backend.tests.test_reminder_settings.TestManualReminderSend" name="test_manual_send_requires_admin" time="0.108" /><testcase classname="backend.tests.test_reminder_settings.TestReminderSettingsValidation" name="test_days_before_accepts_valid_values" time="0.780" /><testcase classname="backend.tests.test_reminder_settings.TestReminderSettingsValidation" name="test_boolean_fields_accept_both_values" time="1.013" /></testsuite></testsuites>