<?xml version="1.0" encoding="utf-8"?><testsuites name="pytest tests"><testsuite name="pytest" errors="0" failures="0" skipped="0" tests="15" time="5.472" timestamp="2026-04-14T14:25:37.097057+00:00" hostname="agent-env-a3e83d76-321d-4178-b39e-6066b7f851c9"><testcase classname="backend.tests.test_user_invitation.TestUserInvitationSystem" name="test_01_admin_login_works" time="0.715" /><testcase classname="backend.tests.test_user_invitation.TestUserInvitationSystem" name="test_02_invite_user_creates_pending_user" time="0.409" /><testcase classname="backend.tests.test_user_invitation.TestUserInvitationSystem" name="test_03_invited_user_appears_in_users_list" time="0.407" /><testcase classname="backend.tests.test_user_invitation.TestUserInvitationSystem" name="test_04_pending_user_cannot_login" time="0.474" /><testcase classname="backend.tests.test_user_invitation.TestUserInvitationSystem" name="test_05_duplicate_invite_fails" time="0.432" /><testcase classname="backend.tests.test_user_invitation.TestUserInvitationSystem" name="test_06_non_admin_cannot_invite" time="0.451" /><testcase classname="backend.tests.test_user_invitation.TestInviteInfoEndpoint" name="test_01_invalid_token_returns_404" time="0.114" /><testcase classname="backend.tests.test_user_invitation.TestInviteInfoEndpoint" name="test_02_missing_token_returns_error" time="0.133" /><testcase classname="backend.tests.test_user_invitation.TestInviteInfoEndpoint" name="test_03_valid_token_returns_user_info" time="0.105" /><testcase classname="backend.tests.test_user_invitation.TestSetPasswordEndpoint" name="test_01_invalid_token_returns_404" time="0.105" /><testcase classname="backend.tests.test_user_invitation.TestSetPasswordEndpoint" name="test_02_short_password_rejected" time="0.114" /><testcase classname="backend.tests.test_user_invitation.TestSetPasswordFlow" name="test_full_invitation_flow" time="0.690" /><testcase classname="backend.tests.test_user_invitation.TestTurkishCharacters" name="test_turkish_chars_in_error_messages" time="0.447" /><testcase classname="backend.tests.test_user_invitation.TestTurkishCharacters" name="test_turkish_chars_in_user_name" time="0.466" /><testcase classname="backend.tests.test_user_invitation.TestExistingTestUser" name="test_activated_user_can_login" time="0.356" /></testsuite></testsuites>